2013/09/09 14:07:27 INFO  - jmeter.util.JMeterUtils: Setting Locale to en_US 
2013/09/09 14:07:27 INFO  - jmeter.JMeter: Loading user properties from: /Users/santmari/myinstalls/apache-jmeter-2.9/bin/user.properties 
2013/09/09 14:07:27 INFO  - jmeter.JMeter: Loading system properties from: /Users/santmari/myinstalls/apache-jmeter-2.9/bin/system.properties 
2013/09/09 14:07:27 INFO  - jmeter.JMeter: Copyright (c) 1998-2013 The Apache Software Foundation 
2013/09/09 14:07:27 INFO  - jmeter.JMeter: Version 2.9 r1437961 
2013/09/09 14:07:27 INFO  - jmeter.JMeter: java.version=1.6.0_45 
2013/09/09 14:07:27 INFO  - jmeter.JMeter: java.vm.name=Java HotSpot(TM) 64-Bit Server VM 
2013/09/09 14:07:27 INFO  - jmeter.JMeter: os.name=Mac OS X 
2013/09/09 14:07:27 INFO  - jmeter.JMeter: os.arch=x86_64 
2013/09/09 14:07:27 INFO  - jmeter.JMeter: os.version=10.8.2 
2013/09/09 14:07:27 INFO  - jmeter.JMeter: file.encoding=MacRoman 
2013/09/09 14:07:27 INFO  - jmeter.JMeter: Default Locale=English (United States) 
2013/09/09 14:07:27 INFO  - jmeter.JMeter: JMeter  Locale=English (United States) 
2013/09/09 14:07:27 INFO  - jmeter.JMeter: JMeterHome=/Users/santmari/myinstalls/apache-jmeter-2.9 
2013/09/09 14:07:27 INFO  - jmeter.JMeter: user.dir  =/Users/santmari/SAN/GITHub/d3js4jmeter/myCode/d3js/data/nmel_2616 
2013/09/09 14:07:27 INFO  - jmeter.JMeter: PWD       =/Users/santmari/SAN/GITHub/d3js4jmeter/myCode/d3js/data/nmel_2616 
2013/09/09 14:07:27 INFO  - jmeter.JMeter: IP: 10.150.120.137 Name: 45335 FullName: 10.150.120.137 
2013/09/09 14:07:27 INFO  - jmeter.JMeter: Loaded icon properties from org/apache/jmeter/images/icon.properties 
2013/09/09 14:07:29 INFO  - jmeter.engine.util.CompoundVariable: Note: Function class names must contain the string: '.functions.' 
2013/09/09 14:07:29 INFO  - jmeter.engine.util.CompoundVariable: Note: Function class names must not contain the string: '.gui.' 
2013/09/09 14:07:29 INFO  - jmeter.gui.action.LookAndFeelCommand: Using look and feel: com.apple.laf.AquaLookAndFeel [Mac OS X, System] 
2013/09/09 14:07:30 INFO  - jmeter.gui.util.MenuFactory: Skipping kg.apc.jmeter.config.VariablesFromCSVFile 
2013/09/09 14:07:31 INFO  - jmeter.util.BSFTestElement: Registering JMeter version of JavaScript engine as work-round for BSF-22 
2013/09/09 14:07:31 INFO  - jmeter.protocol.http.sampler.HTTPSamplerBase: Cannot find .className property for htmlParser, using default 
2013/09/09 14:07:31 INFO  - jmeter.protocol.http.sampler.HTTPSamplerBase: Parser for text/html is  
2013/09/09 14:07:31 INFO  - jmeter.protocol.http.sampler.HTTPSamplerBase: Parser for application/xhtml+xml is  
2013/09/09 14:07:31 INFO  - jmeter.protocol.http.sampler.HTTPSamplerBase: Parser for application/xml is  
2013/09/09 14:07:31 INFO  - jmeter.protocol.http.sampler.HTTPSamplerBase: Parser for text/xml is  
2013/09/09 14:07:31 INFO  - jmeter.protocol.http.sampler.HTTPSamplerBase: Parser for text/vnd.wap.wml is org.apache.jmeter.protocol.http.parser.RegexpHTMLParser 
2013/09/09 14:07:31 INFO  - jmeter.protocol.http.sampler.HTTPSamplerBase: Reuse SSL session context on subsequent iterations: true 
2013/09/09 14:07:31 INFO  - jmeter.gui.util.MenuFactory: Skipping org.apache.jmeter.protocol.http.modifier.gui.ParamModifierGui 
2013/09/09 14:07:31 INFO  - jmeter.samplers.SampleResult: Note: Sample TimeStamps are START times 
2013/09/09 14:07:31 INFO  - jmeter.samplers.SampleResult: sampleresult.default.encoding is set to ISO-8859-1 
2013/09/09 14:07:31 INFO  - jmeter.samplers.SampleResult: sampleresult.useNanoTime=true 
2013/09/09 14:07:31 INFO  - jmeter.samplers.SampleResult: sampleresult.nanoThreadSleep=5000 
2013/09/09 14:07:47 INFO  - jmeter.save.SaveService: Testplan (JMX) version: 2.2. Testlog (JTL) version: 2.2 
2013/09/09 14:07:47 INFO  - jmeter.save.SaveService: Using SaveService properties file encoding UTF-8 
2013/09/09 14:07:47 INFO  - jmeter.save.SaveService: Using SaveService properties file version 1427507 
2013/09/09 14:07:48 INFO  - jmeter.save.SaveService: Using SaveService properties version 2.4 
2013/09/09 14:07:48 INFO  - jmeter.save.SaveService: All converter versions present and correct 
2013/09/09 14:07:48 WARN  - jmeter.save.CSVSaveService: java.lang.NumberFormatException: For input string: "timeStamp" 
2013/09/09 14:07:48 INFO  - jmeter.save.CSVSaveService: timeStamp did not match yyyy/MM/dd HH:mm:ss.SSSS 
2013/09/09 14:07:48 INFO  - jmeter.save.CSVSaveService: timeStamp did not match yyyy/MM/dd HH:mm:ss 
2013/09/09 14:07:48 INFO  - jmeter.save.CSVSaveService: timeStamp did not match yyyy-MM-dd HH:mm:ss.SSSS 
2013/09/09 14:07:48 INFO  - jmeter.save.CSVSaveService: timeStamp did not match yyyy-MM-dd HH:mm:ss 
2013/09/09 14:07:48 INFO  - jmeter.save.CSVSaveService: timeStamp did not match MM/dd/yy HH:mm:ss 
2013/09/09 14:07:48 WARN  - jmeter.save.CSVSaveService: Error parsing field 'timeStamp' at line 166 java.text.ParseException: No date-time format found matching timeStamp 
2013/09/09 14:07:48 WARN  - jmeter.reporters.ResultCollector: Problem reading JTL file: /Users/santmari/SAN/GITHub/d3js4jmeter/myCode/d3js/data/nmel_2616/test_003_all_aggregate_for_analysis.csv 
