2013/09/04 10:42:01 INFO  - jmeter.util.JMeterUtils: Setting Locale to en_US 
2013/09/04 10:42:01 INFO  - jmeter.JMeter: Loading user properties from: /Users/roopasantu/SAN/jmeter/apache-jmeter-2.9/bin/user.properties 
2013/09/04 10:42:01 INFO  - jmeter.JMeter: Loading system properties from: /Users/roopasantu/SAN/jmeter/apache-jmeter-2.9/bin/system.properties 
2013/09/04 10:42:01 INFO  - jmeter.JMeter: Copyright (c) 1998-2013 The Apache Software Foundation 
2013/09/04 10:42:01 INFO  - jmeter.JMeter: Version 2.9 r1437961 
2013/09/04 10:42:01 INFO  - jmeter.JMeter: java.version=1.6.0_51 
2013/09/04 10:42:01 INFO  - jmeter.JMeter: java.vm.name=Java HotSpot(TM) 64-Bit Server VM 
2013/09/04 10:42:01 INFO  - jmeter.JMeter: os.name=Mac OS X 
2013/09/04 10:42:01 INFO  - jmeter.JMeter: os.arch=x86_64 
2013/09/04 10:42:01 INFO  - jmeter.JMeter: os.version=10.8.4 
2013/09/04 10:42:01 INFO  - jmeter.JMeter: file.encoding=MacRoman 
2013/09/04 10:42:01 INFO  - jmeter.JMeter: Default Locale=English (United States) 
2013/09/04 10:42:01 INFO  - jmeter.JMeter: JMeter  Locale=English (United States) 
2013/09/04 10:42:01 INFO  - jmeter.JMeter: JMeterHome=/Users/roopasantu/SAN/jmeter/apache-jmeter-2.9 
2013/09/04 10:42:01 INFO  - jmeter.JMeter: user.dir  =/Users/roopasantu/SAN/bitbucket/santosharakere/santosharakere.bitbucket.org/myCode/d3js 
2013/09/04 10:42:01 INFO  - jmeter.JMeter: PWD       =/Users/roopasantu/SAN/bitbucket/santosharakere/santosharakere.bitbucket.org/myCode/d3js 
2013/09/04 10:42:01 INFO  - jmeter.JMeter: IP: 192.168.2.6 Name: Santoshs-MacBook-Air.local FullName: 192.168.2.6 
2013/09/04 10:42:01 INFO  - jmeter.JMeter: Loaded icon properties from org/apache/jmeter/images/icon.properties 
2013/09/04 10:42:03 INFO  - jmeter.engine.util.CompoundVariable: Note: Function class names must contain the string: '.functions.' 
2013/09/04 10:42:03 INFO  - jmeter.engine.util.CompoundVariable: Note: Function class names must not contain the string: '.gui.' 
2013/09/04 10:42:03 INFO  - jmeter.gui.action.LookAndFeelCommand: Using look and feel: com.apple.laf.AquaLookAndFeel [Mac OS X, System] 
2013/09/04 10:42:04 WARN  - jmeter.gui.util.MenuFactory: Missing jar? Could not create com.googlecode.jmeter.plugins.webdriver.sampler.gui.WebDriverSamplerGui. java.lang.NoClassDefFoundError: jsyntaxpane/DefaultSyntaxKit 
2013/09/04 10:42:04 INFO  - jmeter.gui.util.MenuFactory: Skipping kg.apc.jmeter.config.VariablesFromCSVFile 
2013/09/04 10:42:05 INFO  - jmeter.util.BSFTestElement: Registering JMeter version of JavaScript engine as work-round for BSF-22 
2013/09/04 10:42:05 INFO  - jmeter.protocol.http.sampler.HTTPSamplerBase: Cannot find .className property for htmlParser, using default 
2013/09/04 10:42:05 INFO  - jmeter.protocol.http.sampler.HTTPSamplerBase: Parser for text/html is  
2013/09/04 10:42:05 INFO  - jmeter.protocol.http.sampler.HTTPSamplerBase: Parser for application/xhtml+xml is  
2013/09/04 10:42:05 INFO  - jmeter.protocol.http.sampler.HTTPSamplerBase: Parser for application/xml is  
2013/09/04 10:42:05 INFO  - jmeter.protocol.http.sampler.HTTPSamplerBase: Parser for text/xml is  
2013/09/04 10:42:05 INFO  - jmeter.protocol.http.sampler.HTTPSamplerBase: Parser for text/vnd.wap.wml is org.apache.jmeter.protocol.http.parser.RegexpHTMLParser 
2013/09/04 10:42:05 INFO  - jmeter.protocol.http.sampler.HTTPSamplerBase: Reuse SSL session context on subsequent iterations: true 
2013/09/04 10:42:05 INFO  - jmeter.gui.util.MenuFactory: Skipping org.apache.jmeter.protocol.http.modifier.gui.ParamModifierGui 
2013/09/04 10:42:06 INFO  - jmeter.samplers.SampleResult: Note: Sample TimeStamps are START times 
2013/09/04 10:42:06 INFO  - jmeter.samplers.SampleResult: sampleresult.default.encoding is set to ISO-8859-1 
2013/09/04 10:42:06 INFO  - jmeter.samplers.SampleResult: sampleresult.useNanoTime=true 
2013/09/04 10:42:06 INFO  - jmeter.samplers.SampleResult: sampleresult.nanoThreadSleep=5000 
